<?xml version="1.0" encoding="UTF-8"?>
<!-- Generated by org.testng.reporters.JUnitXMLReporter -->
<testsuite hostname="LAPTOP-LIAKTO4M" failures="0" tests="3" name="Command line test" time="19.376" errors="0" timestamp="3 Nov 2021 10:50:33 GMT">
  <testcase classname="testing.TestSet1" name="validateLogin" time="8.435"/>
  <testcase classname="testing.TestSet1" name="validateLogin" time="7.116"/>
  <testcase classname="testing.TestSet2" name="validateTitle" time="3.681"/>
</testsuite> <!-- Command line test -->
