<?xml version="1.0" encoding="UTF-8"?>
<testng-results total="3" passed="3" failed="0" skipped="0">
  <reporter-output>
  </reporter-output>
  <suite started-at="2021-11-03T10:45:26Z" name="Suite" finished-at="2021-11-03T10:45:41Z" duration-ms="14675">
    <groups>
    </groups>
    <test started-at="2021-11-03T10:45:26Z" name="Test" finished-at="2021-11-03T10:45:41Z" duration-ms="14675">
      <class name="testing.TestSet2">
        <test-method signature="validateTitle()[pri:0, instance:testing.TestSet2@41beb473]" started-at="2021-11-03T16:15:37Z" name="validateTitle" finished-at="2021-11-03T16:15:41Z" duration-ms="4116" status="PASS">
          <reporter-output>
          </reporter-output>
        </test-method> <!-- validateTitle -->
      </class> <!-- testing.TestSet2 -->
      <class name="testing.TestSet1">
        <test-method signature="validateLogin(java.lang.String, java.lang.String)[pri:0, instance:testing.TestSet1@263f04ca]" started-at="2021-11-03T16:15:26Z" name="validateLogin" data-provider="data" finished-at="2021-11-03T16:15:32Z" duration-ms="5677" status="PASS">
          <params>
            <param index="0">
              <value>
                <![CDATA[spoorthy]]>
              </value>
            </param>
            <param index="1">
              <value>
                <![CDATA[12345]]>
              </value>
            </param>
          </params>
          <reporter-output>
          </reporter-output>
        </test-method> <!-- validateLogin -->
        <test-method signature="validateLogin(java.lang.String, java.lang.String)[pri:0, instance:testing.TestSet1@263f04ca]" started-at="2021-11-03T16:15:32Z" name="validateLogin" data-provider="data" finished-at="2021-11-03T16:15:37Z" duration-ms="4864" status="PASS">
          <params>
            <param index="0">
              <value>
                <![CDATA[deepthi]]>
              </value>
            </param>
            <param index="1">
              <value>
                <![CDATA[dsf34]]>
              </value>
            </param>
          </params>
          <reporter-output>
          </reporter-output>
        </test-method> <!-- validateLogin -->
      </class> <!-- testing.TestSet1 -->
    </test> <!-- Test -->
  </suite> <!-- Suite -->
</testng-results>
